<?xml version="1.0" encoding="UTF-8"?>
<!-- Generated by org.testng.reporters.JUnitXMLReporter -->
<testsuite hostname="TYSS-TR-002" ignored="0" name="IETest" tests="1" failures="0" timestamp="02 Jan 2019 08:56:14 GMT" time="0.016" errors="0">
  <testcase name="@BeforeClass beforeTest" time="0.0" classname="selenium.MultiBrowser">
    <failure type="java.lang.IllegalStateException" message="The driver executable does not exist: C:\Users\TYSS\gitt\Project\.\driver\chromedriver">
      <![CDATA[java.lang.IllegalStateException: The driver executable does not exist: C:\Users\TYSS\gitt\Project\.\driver\chromedriver
at com.google.common.base.Preconditions.checkState(Preconditions.java:585)
at org.openqa.selenium.remote.service.DriverService.checkExecutable(DriverService.java:136)
at org.openqa.selenium.remote.service.DriverService.findExecutable(DriverService.java:131)
at org.openqa.selenium.ie.InternetExplorerDriverService.access$000(InternetExplorerDriverService.java:32)
at org.openqa.selenium.ie.InternetExplorerDriverService$Builder.findDefaultExecutable(InternetExplorerDriverService.java:167)
at org.openqa.selenium.remote.service.DriverService$Builder.build(DriverService.java:339)
at org.openqa.selenium.ie.InternetExplorerDriver.setupService(InternetExplorerDriver.java:291)
at org.openqa.selenium.ie.InternetExplorerDriver.<init>(InternetExplorerDriver.java:213)
at org.openqa.selenium.ie.InternetExplorerDriver.<init>(InternetExplorerDriver.java:152)
at selenium.MultiBrowser.beforeTest(MultiBrowser.java:35)
... Removed 26 stack frames]]>
    </failure>
  </testcase> <!-- @BeforeClass beforeTest -->
  <testcase name="@AfterClass afterTest" time="0.0" classname="selenium.MultiBrowser">
    <skipped/>
  </testcase> <!-- @AfterClass afterTest -->
  <testcase name="login" time="0.0" classname="selenium.MultiBrowser">
    <skipped/>
  </testcase> <!-- login -->
</testsuite> <!-- IETest -->
