<?xml version="1.0" encoding="UTF-8"?>
<testng-results skipped="0" failed="0" ignored="0" total="1" passed="1">
  <reporter-output>
  </reporter-output>
  <suite name="Default suite" duration-ms="16223" started-at="2019-01-03T18:11:36Z" finished-at="2019-01-03T18:11:52Z">
    <groups>
    </groups>
    <test name="Default test" duration-ms="16223" started-at="2019-01-03T18:11:36Z" finished-at="2019-01-03T18:11:52Z">
      <class name="TestNGExecution.FirefoxTest">
        <test-method status="PASS" signature="fireFox()[pri:0, instance:TestNGExecution.FirefoxTest@15d0c81b]" name="fireFox" duration-ms="16133" started-at="2019-01-03T18:11:36Z" finished-at="2019-01-03T18:11:52Z">
          <reporter-output>
          </reporter-output>
        </test-method> <!-- fireFox -->
      </class> <!-- TestNGExecution.FirefoxTest -->
    </test> <!-- Default test -->
  </suite> <!-- Default suite -->
</testng-results>
