<?xml version="1.0" encoding="UTF-8"?>
<testng-results skipped="0" failed="0" ignored="0" total="2" passed="2">
  <reporter-output>
  </reporter-output>
  <suite name="Default suite" duration-ms="302" started-at="2019-01-05T08:14:42Z" finished-at="2019-01-05T08:14:42Z">
    <groups>
    </groups>
    <test name="Default test" duration-ms="302" started-at="2019-01-05T08:14:42Z" finished-at="2019-01-05T08:14:42Z">
      <class name="TestNGExecution.AutomaticRunTestNG">
        <test-method status="PASS" signature="TC_007()[pri:0, instance:TestNGExecution.AutomaticRunTestNG@2781e022]" name="TC_007" duration-ms="8" started-at="2019-01-05T08:14:42Z" finished-at="2019-01-05T08:14:42Z">
          <reporter-output>
          </reporter-output>
        </test-method> <!-- TC_007 -->
        <test-method status="PASS" signature="run()[pri:0, instance:TestNGExecution.AutomaticRunTestNG@2781e022]" name="run" duration-ms="268" started-at="2019-01-05T08:14:42Z" finished-at="2019-01-05T08:14:42Z">
          <reporter-output>
          </reporter-output>
        </test-method> <!-- run -->
      </class> <!-- TestNGExecution.AutomaticRunTestNG -->
    </test> <!-- Default test -->
  </suite> <!-- Default suite -->
</testng-results>
